#
# A fatal error has been detected by the Java Runtime Environment:
#
#  SIGSEGV (0xb) at pc=0x000000010c5d1aac, pid=13084, tid=0x0000000000004f03
#
# JRE version: Java(TM) SE Runtime Environment (8.0_101-b13) (build 1.8.0_101-b13)
# Java VM: Java HotSpot(TM) 64-Bit Server VM (25.101-b13 mixed mode bsd-amd64 compressed oops)
# Problematic frame:
# V  [libjvm.dylib+0x3d1aac]  PhaseIdealLoop::idom_no_update(Node*) const+0x12
#
# Failed to write core dump. Core dumps have been disabled. To enable core dumping, try "ulimit -c unlimited" before starting Java again
#
# If you would like to submit a bug report, please visit:
#   http://bugreport.java.com/bugreport/crash.jsp
#

---------------  T H R E A D  ---------------

Current thread (0x00007fed0e804000):  JavaThread "C2 CompilerThread2" daemon [_thread_in_native, id=20227, stack(0x00007000059c9000,0x0000700005ac9000)]

siginfo: si_signo: 11 (SIGSEGV), si_code: 1 (SEGV_MAPERR), si_addr: 0x0000000000000008

Registers:
RAX=0x0000000000000000, RBX=0x0000700005ac3de8, RCX=0x00007fed15d7ee10, RDX=0x00007fed15c6e3a0
RSP=0x0000700005ac1a30, RBP=0x0000700005ac1a30, RSI=0x00007fed0f835170, RDI=0x0000700005ac3de8
R8 =0x0000000000000000, R9 =0x00007fed14b8ec00, R10=0x0000000000000000, R11=0x00000000032f7140
R12=0x00007fed11087e08, R13=0x0000000000000000, R14=0x00007fed0f835170, R15=0x00007fed15c6e3a0
RIP=0x000000010c5d1aac, EFLAGS=0x0000000000010206, ERR=0x0000000000000004
  TRAPNO=0x000000000000000e

Top of Stack: (sp=0x0000700005ac1a30)
0x0000700005ac1a30:   0000700005ac1a70 000000010c5daf45
0x0000700005ac1a40:   00007fed158cb0f0 0000700005ac1da0
0x0000700005ac1a50:   0000000000000001 00007fed13f2c440
0x0000700005ac1a60:   0000700005ac3de8 00007fed158cb0f0
0x0000700005ac1a70:   0000700005ac1ad0 000000010c5db192
0x0000700005ac1a80:   0000700005ac47c0 0000700005ac1d80
0x0000700005ac1a90:   0000700005ac47a0 0000700005ac1d60
0x0000700005ac1aa0:   0000000100000c92 0000700005ac3de8
0x0000700005ac1ab0:   0000000000000001 0000700005ac7f80
0x0000700005ac1ac0:   00007fed0f8351e0 0000000000000003
0x0000700005ac1ad0:   0000700005ac1e10 000000010c5e132e
0x0000700005ac1ae0:   00007fed158c0020 00007fed110be440
0x0000700005ac1af0:   0000700000000000 00007fed0df01a70
0x0000700005ac1b00:   0000000100000020 00007fed0df01a70
0x0000700005ac1b10:   0000700005ac1b50 000000010c2a4915
0x0000700005ac1b20:   00007fed15d66a00 00007fed15d66a00
0x0000700005ac1b30:   0000000000000041 00007fffe115998a
0x0000700005ac1b40:   0000000000000000 000000010b05ca00
0x0000700005ac1b50:   000000010b042000 000000010b05de00
0x0000700005ac1b60:   0000000000000000 0000000000000041
0x0000700005ac1b70:   0000700005ac1c50 00007fffe11579ab
0x0000700005ac1b80:   000000010c81020d 0000700005ac7f80
0x0000700005ac1b90:   000000010cb036f0 00007fed15c1e5a8
0x0000700005ac1ba0:   0000700005ac1c50 000000010c35cb79
0x0000700005ac1bb0:   0000700005ac1c18 00007fed15c1e5a8
0x0000700005ac1bc0:   00007fed14b5b268 0000000000000001
0x0000700005ac1bd0:   0000000000001400 0000000000000002
0x0000700005ac1be0:   0000000000000002 0000000000008010
0x0000700005ac1bf0:   0000700005ac0041 000000010c63e9c5
0x0000700005ac1c00:   0000700005ac1c50 000000010b05de00
0x0000700005ac1c10:   00007fed108e9a20 ff80000000001002
0x0000700005ac1c20:   0000700005acffff 0000000000000000 

Instructions: (pc=0x000000010c5d1aac)
0x000000010c5d1a8c:   2c 83 e1 07 83 f9 05 48 0f 45 c2 5d c3 90 55 48
0x000000010c5d1a9c:   89 e5 8b 46 28 48 8b 8f f8 09 00 00 48 8b 04 c1
0x000000010c5d1aac:   48 8b 48 08 48 83 39 00 75 26 8b 4f 28 8b 40 28
0x000000010c5d1abc:   39 c1 77 0e 31 c0 48 8b 50 08 48 83 3a 00 74 ed 

Register to memory mapping:

RAX=0x0000000000000000 is an unknown value
RBX=0x0000700005ac3de8 is pointing into the stack for thread: 0x00007fed0e804000
RCX=0x00007fed15d7ee10 is an unknown value
RDX=0x00007fed15c6e3a0 is an unknown value
RSP=0x0000700005ac1a30 is pointing into the stack for thread: 0x00007fed0e804000
RBP=0x0000700005ac1a30 is pointing into the stack for thread: 0x00007fed0e804000
RSI=0x00007fed0f835170 is an unknown value
RDI=0x0000700005ac3de8 is pointing into the stack for thread: 0x00007fed0e804000
R8 =0x0000000000000000 is an unknown value
R9 =0x00007fed14b8ec00 is an unknown value
R10=0x0000000000000000 is an unknown value
R11=0x00000000032f7140 is an unknown value
R12=0x00007fed11087e08 is an unknown value
R13=0x0000000000000000 is an unknown value
R14=0x00007fed0f835170 is an unknown value
R15=0x00007fed15c6e3a0 is an unknown value


Stack: [0x00007000059c9000,0x0000700005ac9000],  sp=0x0000700005ac1a30,  free space=994k
Native frames: (J=compiled Java code, j=interpreted, Vv=VM code, C=native code)
V  [libjvm.dylib+0x3d1aac]  PhaseIdealLoop::idom_no_update(Node*) const+0x12
V  [libjvm.dylib+0x3daf45]  PhaseIdealLoop::build_loop_late_post(Node*)+0x1bf
V  [libjvm.dylib+0x3db192]  PhaseIdealLoop::build_loop_late(VectorSet&, Node_List&, Node_Stack&)+0x160
V  [libjvm.dylib+0x3e132e]  PhaseIdealLoop::build_and_optimize(bool, bool)+0x646
V  [libjvm.dylib+0x1afb83]  Compile::Optimize()+0x55f
V  [libjvm.dylib+0x1b2d18]  Compile::Compile(ciEnv*, C2Compiler*, ciMethod*, int, bool, bool, bool)+0x8d4
V  [libjvm.dylib+0x1504ce]  C2Compiler::compile_method(ciEnv*, ciMethod*, int)+0xac
V  [libjvm.dylib+0x1b644c]  CompileBroker::invoke_compiler_on_method(CompileTask*)+0x5b2
V  [libjvm.dylib+0x1b8993]  CompileBroker::compiler_thread_loop()+0x291
V  [libjvm.dylib+0x5695ab]  JavaThread::thread_main_inner()+0x9b
V  [libjvm.dylib+0x56ac98]  JavaThread::run()+0x1c2
V  [libjvm.dylib+0x48933a]  java_start(Thread*)+0xf6
C  [libsystem_pthread.dylib+0x3aab]  _pthread_body+0xb4
C  [libsystem_pthread.dylib+0x39f7]  _pthread_body+0x0
C  [libsystem_pthread.dylib+0x31fd]  thread_start+0xd
C  0x0000000000000000


Current CompileTask:
C2:  69132 11414       4       com.github.pwdd.ttt.player.computer.Negamax$$Lambda$1164/272733233::apply$mcVI$sp (37 bytes)


---------------  P R O C E S S  ---------------

Java Threads: ( => current thread )
  0x00007fed1541a800 JavaThread "pool-7-thread-4" [_thread_blocked, id=28419, stack(0x0000700006b27000,0x0000700006c27000)]
  0x00007fed1512b800 JavaThread "pool-7-thread-3" [_thread_blocked, id=27907, stack(0x0000700006a24000,0x0000700006b24000)]
  0x00007fed14980800 JavaThread "pool-7-thread-2" [_thread_blocked, id=27395, stack(0x0000700006921000,0x0000700006a21000)]
  0x00007fed15a56800 JavaThread "pool-7-thread-1" [_thread_blocked, id=4103, stack(0x000070000681e000,0x000070000691e000)]
  0x00007fed13e08800 JavaThread "run-main-0" [_thread_in_native, id=5127, stack(0x000070000671b000,0x000070000681b000)]
  0x00007fed1205c000 JavaThread "pool-6-thread-9" [_thread_blocked, id=23051, stack(0x0000700006618000,0x0000700006718000)]
  0x00007fed11b05000 JavaThread "pool-6-thread-8" [_thread_blocked, id=24599, stack(0x0000700006515000,0x0000700006615000)]
  0x00007fed1517f800 JavaThread "pool-6-thread-3" [_thread_blocked, id=23319, stack(0x0000700006006000,0x0000700006106000)]
  0x00007fed0e827000 JavaThread "Service Thread" daemon [_thread_blocked, id=21251, stack(0x0000700005bcf000,0x0000700005ccf000)]
  0x00007fed0f033800 JavaThread "C1 CompilerThread3" daemon [_thread_blocked, id=20739, stack(0x0000700005acc000,0x0000700005bcc000)]
=>0x00007fed0e804000 JavaThread "C2 CompilerThread2" daemon [_thread_in_native, id=20227, stack(0x00007000059c9000,0x0000700005ac9000)]
  0x00007fed0e803800 JavaThread "C2 CompilerThread1" daemon [_thread_in_native, id=19715, stack(0x00007000058c6000,0x00007000059c6000)]
  0x00007fed0e026800 JavaThread "C2 CompilerThread0" daemon [_thread_blocked, id=19203, stack(0x00007000057c3000,0x00007000058c3000)]
  0x00007fed0e017000 JavaThread "Signal Dispatcher" daemon [_thread_blocked, id=18691, stack(0x00007000056c0000,0x00007000057c0000)]
  0x00007fed0f02d800 JavaThread "Finalizer" daemon [_thread_blocked, id=14595, stack(0x00007000055bd000,0x00007000056bd000)]
  0x00007fed1003b800 JavaThread "Reference Handler" daemon [_thread_blocked, id=14083, stack(0x00007000054ba000,0x00007000055ba000)]
  0x00007fed0f002000 JavaThread "main" [_thread_blocked, id=7171, stack(0x0000700004a9c000,0x0000700004b9c000)]

Other Threads:
  0x00007fed10037000 VMThread [stack: 0x00007000053b7000,0x00007000054b7000] [id=13571]
  0x00007fed0e830000 WatcherThread [stack: 0x0000700005cd2000,0x0000700005dd2000] [id=21763]

VM state:not at safepoint (normal execution)

VM Mutex/Monitor currently owned by a thread: None

Heap:
 PSYoungGen      total 305664K, used 195104K [0x00000007aab00000, 0x00000007c0000000, 0x00000007c0000000)
  eden space 262144K, 74% used [0x00000007aab00000,0x00000007b69882d0,0x00000007bab00000)
  from space 43520K, 0% used [0x00000007bd580000,0x00000007bd580000,0x00000007c0000000)
  to   space 43520K, 0% used [0x00000007bab00000,0x00000007bab00000,0x00000007bd580000)
 ParOldGen       total 699392K, used 56382K [0x0000000780000000, 0x00000007aab00000, 0x00000007aab00000)
  object space 699392K, 8% used [0x0000000780000000,0x000000078370f9c0,0x00000007aab00000)
 Metaspace       used 83606K, capacity 88002K, committed 88232K, reserved 1122304K
  class space    used 14086K, capacity 14420K, committed 14504K, reserved 1048576K

Card table byte_map: [0x000000011539d000,0x000000011559e000] byte_map_base: 0x000000011179d000

Marking Bits: (ParMarkBitMap*) 0x000000010caedd20
 Begin Bits: [0x0000000115982000, 0x0000000116982000)
 End Bits:   [0x0000000116982000, 0x0000000117982000)

Polling page: 0x000000010b1d1000

CodeCache: size=131072Kb used=26108Kb max_used=27096Kb free=104963Kb
 bounds [0x000000010d19d000, 0x000000010ec3d000, 0x000000011519d000]
 total_blobs=10182 nmethods=9647 adapters=442
 compilation: enabled

Compilation events (10 events):
Event: 69.079 Thread 0x00007fed0e026800 11412       4       scala.collection.Iterator::seq$ (5 bytes)
Event: 69.079 Thread 0x00007fed0e026800 nmethod 11412 0x000000010d97a890 code [0x000000010d97a9e0, 0x000000010d97aa38]
Event: 69.083 Thread 0x00007fed0e803800 11413       4       scala.runtime.java8.JFunction1$mcVI$sp::apply (14 bytes)
Event: 69.083 Thread 0x00007fed0e804000 11414       4       com.github.pwdd.ttt.player.computer.Negamax$$Lambda$1164/272733233::apply$mcVI$sp (37 bytes)
Event: 69.083 Thread 0x00007fed0e026800 11415       4       java.lang.Math::max (45 bytes)
Event: 69.084 Thread 0x00007fed0e026800 nmethod 11415 0x000000010ddc4790 code [0x000000010ddc4900, 0x000000010ddc49b8]
Event: 69.092 Thread 0x00007fed0f033800 11416       3       scala.collection.immutable.StreamIterator$LazyCell::v (17 bytes)
Event: 69.092 Thread 0x00007fed0e026800 11417       4       scala.collection.mutable.WrappedArray::thisCollection (5 bytes)
Event: 69.092 Thread 0x00007fed0f033800 nmethod 11416 0x000000010dbc97d0 code [0x000000010dbc9940, 0x000000010dbc9b28]
Event: 69.092 Thread 0x00007fed0e026800 nmethod 11417 0x000000010e3af410 code [0x000000010e3af560, 0x000000010e3af5b8]

GC Heap History (10 events):
Event: 7.564 GC heap before
{Heap before GC invocations=7 (full 3):
 PSYoungGen      total 305664K, used 3766K [0x00000007aab00000, 0x00000007c0000000, 0x00000007c0000000)
  eden space 262144K, 1% used [0x00000007aab00000,0x00000007aaeadad0,0x00000007bab00000)
  from space 43520K, 0% used [0x00000007bab00000,0x00000007bab00000,0x00000007bd580000)
  to   space 43520K, 0% used [0x00000007bd580000,0x00000007bd580000,0x00000007c0000000)
 ParOldGen       total 699392K, used 16932K [0x0000000780000000, 0x00000007aab00000, 0x00000007aab00000)
  object space 699392K, 2% used [0x0000000780000000,0x00000007810893e0,0x00000007aab00000)
 Metaspace       used 43995K, capacity 44278K, committed 44584K, reserved 1085440K
  class space    used 8365K, capacity 8438K, committed 8488K, reserved 1048576K
Event: 7.565 GC heap after
Heap after GC invocations=7 (full 3):
 PSYoungGen      total 305664K, used 64K [0x00000007aab00000, 0x00000007c0000000, 0x00000007c0000000)
  eden space 262144K, 0% used [0x00000007aab00000,0x00000007aab00000,0x00000007bab00000)
  from space 43520K, 0% used [0x00000007bd580000,0x00000007bd590000,0x00000007c0000000)
  to   space 43520K, 0% used [0x00000007bab00000,0x00000007bab00000,0x00000007bd580000)
 ParOldGen       total 699392K, used 16932K [0x0000000780000000, 0x00000007aab00000, 0x00000007aab00000)
  object space 699392K, 2% used [0x0000000780000000,0x00000007810893e0,0x00000007aab00000)
 Metaspace       used 43995K, capacity 44278K, committed 44584K, reserved 1085440K
  class space    used 8365K, capacity 8438K, committed 8488K, reserved 1048576K
}
Event: 7.565 GC heap before
{Heap before GC invocations=8 (full 4):
 PSYoungGen      total 305664K, used 64K [0x00000007aab00000, 0x00000007c0000000, 0x00000007c0000000)
  eden space 262144K, 0% used [0x00000007aab00000,0x00000007aab00000,0x00000007bab00000)
  from space 43520K, 0% used [0x00000007bd580000,0x00000007bd590000,0x00000007c0000000)
  to   space 43520K, 0% used [0x00000007bab00000,0x00000007bab00000,0x00000007bd580000)
 ParOldGen       total 699392K, used 16932K [0x0000000780000000, 0x00000007aab00000, 0x00000007aab00000)
  object space 699392K, 2% used [0x0000000780000000,0x00000007810893e0,0x00000007aab00000)
 Metaspace       used 43995K, capacity 44278K, committed 44584K, reserved 1085440K
  class space    used 8365K, capacity 8438K, committed 8488K, reserved 1048576K
Event: 7.619 GC heap after
Heap after GC invocations=8 (full 4):
 PSYoungGen      total 305664K, used 0K [0x00000007aab00000, 0x00000007c0000000, 0x00000007c0000000)
  eden space 262144K, 0% used [0x00000007aab00000,0x00000007aab00000,0x00000007bab00000)
  from space 43520K, 0% used [0x00000007bd580000,0x00000007bd580000,0x00000007c0000000)
  to   space 43520K, 0% used [0x00000007bab00000,0x00000007bab00000,0x00000007bd580000)
 ParOldGen       total 699392K, used 12594K [0x0000000780000000, 0x00000007aab00000, 0x00000007aab00000)
  object space 699392K, 1% used [0x0000000780000000,0x0000000780c4c998,0x00000007aab00000)
 Metaspace       used 43995K, capacity 44278K, committed 44584K, reserved 1085440K
  class space    used 8365K, capacity 8438K, committed 8488K, reserved 1048576K
}
Event: 8.292 GC heap before
{Heap before GC invocations=9 (full 4):
 PSYoungGen      total 305664K, used 262144K [0x00000007aab00000, 0x00000007c0000000, 0x00000007c0000000)
  eden space 262144K, 100% used [0x00000007aab00000,0x00000007bab00000,0x00000007bab00000)
  from space 43520K, 0% used [0x00000007bd580000,0x00000007bd580000,0x00000007c0000000)
  to   space 43520K, 0% used [0x00000007bab00000,0x00000007bab00000,0x00000007bd580000)
 ParOldGen       total 699392K, used 12594K [0x0000000780000000, 0x00000007aab00000, 0x00000007aab00000)
  object space 699392K, 1% used [0x0000000780000000,0x0000000780c4c998,0x00000007aab00000)
 Metaspace       used 46500K, capacity 47054K, committed 47272K, reserved 1087488K
  class space    used 8902K, capacity 9079K, committed 9128K, reserved 1048576K
Event: 8.296 GC heap after
Heap after GC invocations=9 (full 4):
 PSYoungGen      total 305664K, used 9090K [0x00000007aab00000, 0x00000007c0000000, 0x00000007c0000000)
  eden space 262144K, 0% used [0x00000007aab00000,0x00000007aab00000,0x00000007bab00000)
  from space 43520K, 20% used [0x00000007bab00000,0x00000007bb3e08a8,0x00000007bd580000)
  to   space 43520K, 0% used [0x00000007bd580000,0x00000007bd580000,0x00000007c0000000)
 ParOldGen       total 699392K, used 12602K [0x0000000780000000, 0x00000007aab00000, 0x00000007aab00000)
  object space 699392K, 1% used [0x0000000780000000,0x0000000780c4e998,0x00000007aab00000)
 Metaspace       used 46500K, capacity 47054K, committed 47272K, reserved 1087488K
  class space    used 8902K, capacity 9079K, committed 9128K, reserved 1048576K
}
Event: 9.818 GC heap before
{Heap before GC invocations=10 (full 4):
 PSYoungGen      total 305664K, used 150951K [0x00000007aab00000, 0x00000007c0000000, 0x00000007c0000000)
  eden space 262144K, 54% used [0x00000007aab00000,0x00000007b35894d8,0x00000007bab00000)
  from space 43520K, 20% used [0x00000007bab00000,0x00000007bb3e08a8,0x00000007bd580000)
  to   space 43520K, 0% used [0x00000007bd580000,0x00000007bd580000,0x00000007c0000000)
 ParOldGen       total 699392K, used 12602K [0x0000000780000000, 0x00000007aab00000, 0x00000007aab00000)
  object space 699392K, 1% used [0x0000000780000000,0x0000000780c4e998,0x00000007aab00000)
 Metaspace       used 72126K, capacity 74096K, committed 74280K, reserved 1112064K
  class space    used 12316K, capacity 12570K, committed 12584K, reserved 1048576K
Event: 9.841 GC heap after
Heap after GC invocations=10 (full 4):
 PSYoungGen      total 305664K, used 43504K [0x00000007aab00000, 0x00000007c0000000, 0x00000007c0000000)
  eden space 262144K, 0% used [0x00000007aab00000,0x00000007aab00000,0x00000007bab00000)
  from space 43520K, 99% used [0x00000007bd580000,0x00000007bfffc3d0,0x00000007c0000000)
  to   space 43520K, 0% used [0x00000007bab00000,0x00000007bab00000,0x00000007bd580000)
 ParOldGen       total 699392K, used 17222K [0x0000000780000000, 0x00000007aab00000, 0x00000007aab00000)
  object space 699392K, 2% used [0x0000000780000000,0x00000007810d18e0,0x00000007aab00000)
 Metaspace       used 72126K, capacity 74096K, committed 74280K, reserved 1112064K
  class space    used 12316K, capacity 12570K, committed 12584K, reserved 1048576K
}
Event: 9.841 GC heap before
{Heap before GC invocations=11 (full 5):
 PSYoungGen      total 305664K, used 43504K [0x00000007aab00000, 0x00000007c0000000, 0x00000007c0000000)
  eden space 262144K, 0% used [0x00000007aab00000,0x00000007aab00000,0x00000007bab00000)
  from space 43520K, 99% used [0x00000007bd580000,0x00000007bfffc3d0,0x00000007c0000000)
  to   space 43520K, 0% used [0x00000007bab00000,0x00000007bab00000,0x00000007bd580000)
 ParOldGen       total 699392K, used 17222K [0x0000000780000000, 0x00000007aab00000, 0x00000007aab00000)
  object space 699392K, 2% used [0x0000000780000000,0x00000007810d18e0,0x00000007aab00000)
 Metaspace       used 72126K, capacity 74096K, committed 74280K, reserved 1112064K
  class space    used 12316K, capacity 12570K, committed 12584K, reserved 1048576K
Event: 9.924 GC heap after
Heap after GC invocations=11 (full 5):
 PSYoungGen      total 305664K, used 0K [0x00000007aab00000, 0x00000007c0000000, 0x00000007c0000000)
  eden space 262144K, 0% used [0x00000007aab00000,0x00000007aab00000,0x00000007bab00000)
  from space 43520K, 0% used [0x00000007bd580000,0x00000007bd580000,0x00000007c0000000)
  to   space 43520K, 0% used [0x00000007bab00000,0x00000007bab00000,0x00000007bd580000)
 ParOldGen       total 699392K, used 56382K [0x0000000780000000, 0x00000007aab00000, 0x00000007aab00000)
  object space 699392K, 8% used [0x0000000780000000,0x000000078370f9c0,0x00000007aab00000)
 Metaspace       used 71958K, capacity 73874K, committed 74280K, reserved 1112064K
  class space    used 12265K, capacity 12496K, committed 12584K, reserved 1048576K
}

Deoptimization events (10 events):
Event: 43.096 Thread 0x00007fed14980800 Uncommon trap: reason=bimorphic action=maybe_recompile pc=0x000000010d3973f0 method=java.util.concurrent.locks.AbstractQueuedSynchronizer.release(I)Z @ 2
Event: 43.098 Thread 0x00007fed14980800 Uncommon trap: reason=bimorphic action=maybe_recompile pc=0x000000010e395658 method=java.util.regex.Pattern$Slice.match(Ljava/util/regex/Matcher;ILjava/lang/CharSequence;)Z @ 75
Event: 43.098 Thread 0x00007fed14980800 Uncommon trap: reason=bimorphic action=maybe_recompile pc=0x000000010e395658 method=java.util.regex.Pattern$Slice.match(Ljava/util/regex/Matcher;ILjava/lang/CharSequence;)Z @ 75
Event: 43.098 Thread 0x00007fed14980800 Uncommon trap: reason=bimorphic action=maybe_recompile pc=0x000000010e395658 method=java.util.regex.Pattern$Slice.match(Ljava/util/regex/Matcher;ILjava/lang/CharSequence;)Z @ 75
Event: 43.164 Thread 0x00007fed14980800 Uncommon trap: reason=class_check action=maybe_recompile pc=0x000000010e1d7e90 method=scala.collection.immutable.List$.apply(Lscala/collection/Seq;)Lscala/collection/immutable/List; @ 1
Event: 43.164 Thread 0x00007fed14980800 Uncommon trap: reason=class_check action=maybe_recompile pc=0x000000010e1d7e90 method=scala.collection.immutable.List$.apply(Lscala/collection/Seq;)Lscala/collection/immutable/List; @ 1
Event: 43.164 Thread 0x00007fed14980800 Uncommon trap: reason=class_check action=maybe_recompile pc=0x000000010e1d7e90 method=scala.collection.immutable.List$.apply(Lscala/collection/Seq;)Lscala/collection/immutable/List; @ 1
Event: 43.164 Thread 0x00007fed14980800 Uncommon trap: reason=class_check action=maybe_recompile pc=0x000000010e1d7e90 method=scala.collection.immutable.List$.apply(Lscala/collection/Seq;)Lscala/collection/immutable/List; @ 1
Event: 45.021 Thread 0x00007fed1512b800 Uncommon trap: reason=unstable_if action=reinterpret pc=0x000000010e2dcdc4 method=scala.collection.mutable.ArrayBuffer.$plus$plus$eq(Lscala/collection/TraversableOnce;)Lscala/collection/mutable/ArrayBuffer; @ 4
Event: 45.024 Thread 0x00007fed1512b800 Uncommon trap: reason=unstable_if action=reinterpret pc=0x000000010e523254 method=java.lang.invoke.MethodType.checkPtypes([Ljava/lang/Class;)I @ 32

Internal exceptions (10 events):
Event: 45.017 Thread 0x00007fed1512b800 Exception <a 'sun/nio/fs/UnixException'> (0x00000007b2d69bd8) thrown at [/HUDSON3/workspace/8-2-build-macosx-x86_64/jdk8u101/7261/hotspot/src/share/vm/prims/jni.cpp, line 709]
Event: 45.021 Thread 0x00007fed1512b800 Exception <a 'java/lang/NoSuchMethodError': java.lang.Object.$anonfun$grouped$1(Lscala/collection/IterableLike;Lscala/collection/Seq;)Ljava/lang/Object;> (0x00000007b2da3d40) thrown at [/HUDSON3/workspace/8-2-build-macosx-x86_64/jdk8u101/7261/hotspot/src/
Event: 51.102 Thread 0x00007fed14980800 Exception <a 'sun/nio/fs/UnixException'> (0x00000007b2cd44e8) thrown at [/HUDSON3/workspace/8-2-build-macosx-x86_64/jdk8u101/7261/hotspot/src/share/vm/prims/jni.cpp, line 709]
Event: 53.275 Thread 0x00007fed1512b800 Exception <a 'sun/nio/fs/UnixException'> (0x00000007b40c69f0) thrown at [/HUDSON3/workspace/8-2-build-macosx-x86_64/jdk8u101/7261/hotspot/src/share/vm/prims/jni.cpp, line 709]
Event: 54.733 Thread 0x00007fed1541a800 Exception <a 'sun/nio/fs/UnixException'> (0x00000007b41f4b48) thrown at [/HUDSON3/workspace/8-2-build-macosx-x86_64/jdk8u101/7261/hotspot/src/share/vm/prims/jni.cpp, line 709]
Event: 55.967 Thread 0x00007fed15a56800 Exception <a 'sun/nio/fs/UnixException'> (0x00000007b2a3b2c8) thrown at [/HUDSON3/workspace/8-2-build-macosx-x86_64/jdk8u101/7261/hotspot/src/share/vm/prims/jni.cpp, line 709]
Event: 58.313 Thread 0x00007fed14980800 Exception <a 'sun/nio/fs/UnixException'> (0x00000007b5413550) thrown at [/HUDSON3/workspace/8-2-build-macosx-x86_64/jdk8u101/7261/hotspot/src/share/vm/prims/jni.cpp, line 709]
Event: 61.917 Thread 0x00007fed1512b800 Exception <a 'sun/nio/fs/UnixException'> (0x00000007b56d0818) thrown at [/HUDSON3/workspace/8-2-build-macosx-x86_64/jdk8u101/7261/hotspot/src/share/vm/prims/jni.cpp, line 709]
Event: 64.112 Thread 0x00007fed1541a800 Exception <a 'sun/nio/fs/UnixException'> (0x00000007b42b9788) thrown at [/HUDSON3/workspace/8-2-build-macosx-x86_64/jdk8u101/7261/hotspot/src/share/vm/prims/jni.cpp, line 709]
Event: 69.071 Thread 0x00007fed14980800 Exception <a 'sun/nio/fs/UnixException'> (0x00000007b5476440) thrown at [/HUDSON3/workspace/8-2-build-macosx-x86_64/jdk8u101/7261/hotspot/src/share/vm/prims/jni.cpp, line 709]

Events (10 events):
Event: 68.153 Thread 0x00007fed15a69800 Thread exited: 0x00007fed15a69800
Event: 68.161 Thread 0x00007fed0e026800 flushing nmethod 0x000000010d3f3310
Event: 68.161 Thread 0x00007fed0e026800 flushing nmethod 0x000000010d40b1d0
Event: 69.075 Thread 0x00007fed0f033800 flushing nmethod 0x000000010dbc97d0
Event: 69.076 Thread 0x00007fed0f033800 flushing nmethod 0x000000010dd66a10
Event: 69.076 Thread 0x00007fed0f033800 flushing nmethod 0x000000010dd7b1d0
Event: 69.076 Thread 0x00007fed0f033800 flushing nmethod 0x000000010ddc4690
Event: 69.076 Thread 0x00007fed0f033800 flushing nmethod 0x000000010de0c6d0
Event: 69.077 Thread 0x00007fed0f033800 flushing nmethod 0x000000010de95f90
Event: 69.093 Thread 0x00007fed0f033800 flushing nmethod 0x000000010ebd1010


Dynamic libraries:
0x00000000566cc000 	/System/Library/Frameworks/Cocoa.framework/Versions/A/Cocoa
0x00000000566cc000 	/System/Library/Frameworks/Security.framework/Versions/A/Security
0x00000000566cc000 	/System/Library/Frameworks/ApplicationServices.framework/Versions/A/ApplicationServices
0x00000000566cc000 	/usr/lib/libz.1.dylib
0x00000000566cc000 	/usr/lib/libSystem.B.dylib
0x00000000566cc000 	/usr/lib/libobjc.A.dylib
0x00000000566cc000 	/System/Library/Frameworks/CoreFoundation.framework/Versions/A/CoreFoundation
0x00000000566cc000 	/System/Library/Frameworks/Foundation.framework/Versions/C/Foundation
0x00000000566cc000 	/System/Library/Frameworks/AppKit.framework/Versions/C/AppKit
0x00000000566cc000 	/System/Library/Frameworks/CoreData.framework/Versions/A/CoreData
0x00000000566cc000 	/System/Library/PrivateFrameworks/RemoteViewServices.framework/Versions/A/RemoteViewServices
0x00000000566cc000 	/System/Library/PrivateFrameworks/UIFoundation.framework/Versions/A/UIFoundation
0x00000000566cc000 	/System/Library/PrivateFrameworks/DFRFoundation.framework/Versions/A/DFRFoundation
0x00000000566cc000 	/usr/lib/libenergytrace.dylib
0x00000000566cc000 	/System/Library/PrivateFrameworks/SkyLight.framework/Versions/A/SkyLight
0x00000000566cc000 	/System/Library/Frameworks/CoreGraphics.framework/Versions/A/CoreGraphics
0x00000000566cc000 	/usr/lib/libScreenReader.dylib
0x00000000566cc000 	/System/Library/Frameworks/Accelerate.framework/Versions/A/Accelerate
0x00000000566cc000 	/System/Library/Frameworks/IOSurface.framework/Versions/A/IOSurface
0x00000000566cc000 	/System/Library/Frameworks/AudioToolbox.framework/Versions/A/AudioToolbox
0x00000000566cc000 	/System/Library/Frameworks/AudioUnit.framework/Versions/A/AudioUnit
0x00000000566cc000 	/System/Library/PrivateFrameworks/DataDetectorsCore.framework/Versions/A/DataDetectorsCore
0x00000000566cc000 	/System/Library/PrivateFrameworks/DesktopServicesPriv.framework/Versions/A/DesktopServicesPriv
0x00000000566cc000 	/System/Library/Frameworks/Carbon.framework/Versions/A/Frameworks/HIToolbox.framework/Versions/A/HIToolbox
0x00000000566cc000 	/usr/lib/libicucore.A.dylib
0x00000000566cc000 	/System/Library/Frameworks/QuartzCore.framework/Versions/A/QuartzCore
0x00000000566cc000 	/System/Library/Frameworks/Carbon.framework/Versions/A/Frameworks/SpeechRecognition.framework/Versions/A/SpeechRecognition
0x00000000566cc000 	/usr/lib/libauto.dylib
0x00000000566cc000 	/usr/lib/libxml2.2.dylib
0x00000000566cc000 	/System/Library/PrivateFrameworks/CoreUI.framework/Versions/A/CoreUI
0x00000000566cc000 	/System/Library/Frameworks/CoreAudio.framework/Versions/A/CoreAudio
0x00000000566cc000 	/System/Library/Frameworks/DiskArbitration.framework/Versions/A/DiskArbitration
0x00000000566cc000 	/usr/lib/liblangid.dylib
0x00000000566cc000 	/System/Library/PrivateFrameworks/MultitouchSupport.framework/Versions/A/MultitouchSupport
0x00000000566cc000 	/System/Library/Frameworks/IOKit.framework/Versions/A/IOKit
0x00000000566cc000 	/usr/lib/libDiagnosticMessagesClient.dylib
0x00000000566cc000 	/System/Library/Frameworks/CoreServices.framework/Versions/A/CoreServices
0x00000000566cc000 	/System/Library/PrivateFrameworks/PerformanceAnalysis.framework/Versions/A/PerformanceAnalysis
0x00000000566cc000 	/System/Library/PrivateFrameworks/GenerationalStorage.framework/Versions/A/GenerationalStorage
0x00000000566cc000 	/System/Library/Frameworks/OpenGL.framework/Versions/A/OpenGL
0x00000000566cc000 	/System/Library/Frameworks/CoreImage.framework/Versions/A/CoreImage
0x00000000566cc000 	/System/Library/Frameworks/CoreText.framework/Versions/A/CoreText
0x00000000566cc000 	/System/Library/Frameworks/ImageIO.framework/Versions/A/ImageIO
0x00000000566cc000 	/System/Library/PrivateFrameworks/Backup.framework/Versions/A/Backup
0x00000000566cc000 	/usr/lib/libarchive.2.dylib
0x00000000566cc000 	/System/Library/Frameworks/CFNetwork.framework/Versions/A/CFNetwork
0x00000000566cc000 	/System/Library/Frameworks/SystemConfiguration.framework/Versions/A/SystemConfiguration
0x00000000566cc000 	/usr/lib/libCRFSuite.dylib
0x00000000566cc000 	/usr/lib/libc++.1.dylib
0x00000000566cc000 	/usr/lib/libc++abi.dylib
0x00000000566cc000 	/usr/lib/system/libcache.dylib
0x00000000566cc000 	/usr/lib/system/libcommonCrypto.dylib
0x00000000566cc000 	/usr/lib/system/libcompiler_rt.dylib
0x00000000566cc000 	/usr/lib/system/libcopyfile.dylib
0x00000000566cc000 	/usr/lib/system/libcorecrypto.dylib
0x00000000566cc000 	/usr/lib/system/libdispatch.dylib
0x00000000566cc000 	/usr/lib/system/libdyld.dylib
0x00000000566cc000 	/usr/lib/system/libkeymgr.dylib
0x00000000566cc000 	/usr/lib/system/liblaunch.dylib
0x00000000566cc000 	/usr/lib/system/libmacho.dylib
0x00000000566cc000 	/usr/lib/system/libquarantine.dylib
0x00000000566cc000 	/usr/lib/system/libremovefile.dylib
0x00000000566cc000 	/usr/lib/system/libsystem_asl.dylib
0x00000000566cc000 	/usr/lib/system/libsystem_blocks.dylib
0x00000000566cc000 	/usr/lib/system/libsystem_c.dylib
0x00000000566cc000 	/usr/lib/system/libsystem_configuration.dylib
0x00000000566cc000 	/usr/lib/system/libsystem_coreservices.dylib
0x00000000566cc000 	/usr/lib/system/libsystem_coretls.dylib
0x00000000566cc000 	/usr/lib/system/libsystem_dnssd.dylib
0x00000000566cc000 	/usr/lib/system/libsystem_info.dylib
0x00000000566cc000 	/usr/lib/system/libsystem_kernel.dylib
0x00000000566cc000 	/usr/lib/system/libsystem_m.dylib
0x00000000566cc000 	/usr/lib/system/libsystem_malloc.dylib
0x00000000566cc000 	/usr/lib/system/libsystem_network.dylib
0x00000000566cc000 	/usr/lib/system/libsystem_networkextension.dylib
0x00000000566cc000 	/usr/lib/system/libsystem_notify.dylib
0x00000000566cc000 	/usr/lib/system/libsystem_platform.dylib
0x00000000566cc000 	/usr/lib/system/libsystem_pthread.dylib
0x00000000566cc000 	/usr/lib/system/libsystem_sandbox.dylib
0x00000000566cc000 	/usr/lib/system/libsystem_secinit.dylib
0x00000000566cc000 	/usr/lib/system/libsystem_symptoms.dylib
0x00000000566cc000 	/usr/lib/system/libsystem_trace.dylib
0x00000000566cc000 	/usr/lib/system/libunwind.dylib
0x00000000566cc000 	/usr/lib/system/libxpc.dylib
0x00000000566cc000 	/usr/lib/libbsm.0.dylib
0x00000000566cc000 	/usr/lib/system/libkxld.dylib
0x00000000566cc000 	/usr/lib/libcoretls.dylib
0x00000000566cc000 	/usr/lib/libcoretls_cfhelpers.dylib
0x00000000566cc000 	/usr/lib/libxar.1.dylib
0x00000000566cc000 	/usr/lib/libsqlite3.dylib
0x00000000566cc000 	/usr/lib/libpam.2.dylib
0x00000000566cc000 	/usr/lib/libOpenScriptingUtil.dylib
0x00000000566cc000 	/usr/lib/libbz2.1.0.dylib
0x00000000566cc000 	/usr/lib/liblzma.5.dylib
0x00000000566cc000 	/usr/lib/libnetwork.dylib
0x00000000566cc000 	/usr/lib/libpcap.A.dylib
0x00000000566cc000 	/System/Library/Frameworks/CoreServices.framework/Versions/A/Frameworks/FSEvents.framework/Versions/A/FSEvents
0x00000000566cc000 	/System/Library/Frameworks/CoreServices.framework/Versions/A/Frameworks/CarbonCore.framework/Versions/A/CarbonCore
0x00000000566cc000 	/System/Library/Frameworks/CoreServices.framework/Versions/A/Frameworks/Metadata.framework/Versions/A/Metadata
0x00000000566cc000 	/System/Library/Frameworks/CoreServices.framework/Versions/A/Frameworks/OSServices.framework/Versions/A/OSServices
0x00000000566cc000 	/System/Library/Frameworks/CoreServices.framework/Versions/A/Frameworks/SearchKit.framework/Versions/A/SearchKit
0x00000000566cc000 	/System/Library/Frameworks/CoreServices.framework/Versions/A/Frameworks/AE.framework/Versions/A/AE
0x00000000566cc000 	/System/Library/Frameworks/CoreServices.framework/Versions/A/Frameworks/LaunchServices.framework/Versions/A/LaunchServices
0x00000000566cc000 	/System/Library/Frameworks/CoreServices.framework/Versions/A/Frameworks/DictionaryServices.framework/Versions/A/DictionaryServices
0x00000000566cc000 	/System/Library/Frameworks/CoreServices.framework/Versions/A/Frameworks/SharedFileList.framework/Versions/A/SharedFileList
0x00000000566cc000 	/System/Library/Frameworks/NetFS.framework/Versions/A/NetFS
0x00000000566cc000 	/System/Library/PrivateFrameworks/NetAuth.framework/Versions/A/NetAuth
0x00000000566cc000 	/System/Library/PrivateFrameworks/login.framework/Versions/A/Frameworks/loginsupport.framework/Versions/A/loginsupport
0x00000000566cc000 	/System/Library/PrivateFrameworks/TCC.framework/Versions/A/TCC
0x00000000566cc000 	/usr/lib/libmecabra.dylib
0x00000000566cc000 	/System/Library/Frameworks/ApplicationServices.framework/Versions/A/Frameworks/ATS.framework/Versions/A/ATS
0x00000000566cc000 	/System/Library/Frameworks/ApplicationServices.framework/Versions/A/Frameworks/ColorSync.framework/Versions/A/ColorSync
0x00000000566cc000 	/System/Library/Frameworks/ApplicationServices.framework/Versions/A/Frameworks/HIServices.framework/Versions/A/HIServices
0x00000000566cc000 	/System/Library/Frameworks/ApplicationServices.framework/Versions/A/Frameworks/LangAnalysis.framework/Versions/A/LangAnalysis
0x00000000566cc000 	/System/Library/Frameworks/ApplicationServices.framework/Versions/A/Frameworks/PrintCore.framework/Versions/A/PrintCore
0x00000000566cc000 	/System/Library/Frameworks/ApplicationServices.framework/Versions/A/Frameworks/QD.framework/Versions/A/QD
0x00000000566cc000 	/System/Library/Frameworks/ApplicationServices.framework/Versions/A/Frameworks/SpeechSynthesis.framework/Versions/A/SpeechSynthesis
0x00000000566cc000 	/System/Library/Frameworks/Accelerate.framework/Versions/A/Frameworks/vImage.framework/Versions/A/vImage
0x00000000566cc000 	/System/Library/Frameworks/Accelerate.framework/Versions/A/Frameworks/vecLib.framework/Versions/A/vecLib
0x00000000566cc000 	/System/Library/Frameworks/Accelerate.framework/Versions/A/Frameworks/vecLib.framework/Versions/A/libvDSP.dylib
0x00000000566cc000 	/System/Library/Frameworks/Accelerate.framework/Versions/A/Frameworks/vecLib.framework/Versions/A/libBNNS.dylib
0x00000000566cc000 	/System/Library/Frameworks/Accelerate.framework/Versions/A/Frameworks/vecLib.framework/Versions/A/libQuadrature.dylib
0x00000000566cc000 	/System/Library/Frameworks/Accelerate.framework/Versions/A/Frameworks/vecLib.framework/Versions/A/libvMisc.dylib
0x00000000566cc000 	/System/Library/Frameworks/Accelerate.framework/Versions/A/Frameworks/vecLib.framework/Versions/A/libLAPACK.dylib
0x00000000566cc000 	/System/Library/Frameworks/Accelerate.framework/Versions/A/Frameworks/vecLib.framework/Versions/A/libBLAS.dylib
0x00000000566cc000 	/System/Library/Frameworks/Accelerate.framework/Versions/A/Frameworks/vecLib.framework/Versions/A/libLinearAlgebra.dylib
0x00000000566cc000 	/System/Library/Frameworks/Accelerate.framework/Versions/A/Frameworks/vecLib.framework/Versions/A/libSparseBLAS.dylib
0x00000000566cc000 	/System/Library/Frameworks/ApplicationServices.framework/Versions/A/Frameworks/ATS.framework/Versions/A/Resources/libFontParser.dylib
0x00000000566cc000 	/System/Library/Frameworks/ApplicationServices.framework/Versions/A/Frameworks/ATS.framework/Versions/A/Resources/libFontRegistry.dylib
0x00000000566cc000 	/System/Library/Frameworks/ImageIO.framework/Versions/A/Resources/libJPEG.dylib
0x00000000566cc000 	/System/Library/Frameworks/ImageIO.framework/Versions/A/Resources/libTIFF.dylib
0x00000000566cc000 	/System/Library/Frameworks/ImageIO.framework/Versions/A/Resources/libPng.dylib
0x00000000566cc000 	/System/Library/Frameworks/ImageIO.framework/Versions/A/Resources/libGIF.dylib
0x00000000566cc000 	/System/Library/Frameworks/ImageIO.framework/Versions/A/Resources/libJP2.dylib
0x00000000566cc000 	/System/Library/Frameworks/ImageIO.framework/Versions/A/Resources/libRadiance.dylib
0x00000000566cc000 	/usr/lib/libcompression.dylib
0x00000000566cc000 	/System/Library/PrivateFrameworks/AppleJPEG.framework/Versions/A/AppleJPEG
0x00000000566cc000 	/usr/lib/libcups.2.dylib
0x00000000566cc000 	/System/Library/Frameworks/Kerberos.framework/Versions/A/Kerberos
0x00000000566cc000 	/System/Library/Frameworks/GSS.framework/Versions/A/GSS
0x00000000566cc000 	/usr/lib/libresolv.9.dylib
0x00000000566cc000 	/usr/lib/libiconv.2.dylib
0x00000000566cc000 	/System/Library/PrivateFrameworks/Heimdal.framework/Versions/A/Heimdal
0x00000000566cc000 	/usr/lib/libheimdal-asn1.dylib
0x00000000566cc000 	/System/Library/Frameworks/OpenDirectory.framework/Versions/A/OpenDirectory
0x00000000566cc000 	/System/Library/PrivateFrameworks/CommonAuth.framework/Versions/A/CommonAuth
0x00000000566cc000 	/System/Library/Frameworks/OpenDirectory.framework/Versions/A/Frameworks/CFOpenDirectory.framework/Versions/A/CFOpenDirectory
0x00000000566cc000 	/System/Library/Frameworks/SecurityFoundation.framework/Versions/A/SecurityFoundation
0x00000000566cc000 	/System/Library/PrivateFrameworks/LanguageModeling.framework/Versions/A/LanguageModeling
0x00000000566cc000 	/usr/lib/libmarisa.dylib
0x00000000566cc000 	/usr/lib/libChineseTokenizer.dylib
0x00000000566cc000 	/usr/lib/libcmph.dylib
0x00000000566cc000 	/System/Library/PrivateFrameworks/CoreEmoji.framework/Versions/A/CoreEmoji
0x00000000566cc000 	/System/Library/Frameworks/ServiceManagement.framework/Versions/A/ServiceManagement
0x00000000566cc000 	/usr/lib/libxslt.1.dylib
0x00000000566cc000 	/System/Library/Frameworks/Carbon.framework/Versions/A/Frameworks/Ink.framework/Versions/A/Ink
0x00000000566cc000 	/System/Library/PrivateFrameworks/TextureIO.framework/Versions/A/TextureIO
0x00000000566cc000 	/System/Library/Frameworks/Metal.framework/Versions/A/Metal
0x00000000566cc000 	/usr/lib/libate.dylib
0x00000000566cc000 	/System/Library/PrivateFrameworks/GPUCompiler.framework/libmetal_timestamp.dylib
0x00000000566cc000 	/System/Library/Frameworks/OpenGL.framework/Versions/A/Libraries/libCoreFSCache.dylib
0x00000000566cc000 	/System/Library/PrivateFrameworks/IOAccelerator.framework/Versions/A/IOAccelerator
0x00000000566cc000 	/System/Library/Frameworks/CoreVideo.framework/Versions/A/CoreVideo
0x00000000566cc000 	/usr/lib/libFosl_dynamic.dylib
0x00000000566cc000 	/System/Library/PrivateFrameworks/MetalPerformanceShaders.framework/Versions/A/MetalPerformanceShaders
0x00000000566cc000 	/System/Library/PrivateFrameworks/FaceCore.framework/Versions/A/FaceCore
0x00000000566cc000 	/System/Library/Frameworks/OpenCL.framework/Versions/A/OpenCL
0x00000000566cc000 	/System/Library/Frameworks/OpenGL.framework/Versions/A/Libraries/libGLU.dylib
0x00000000566cc000 	/System/Library/Frameworks/OpenGL.framework/Versions/A/Libraries/libGFXShared.dylib
0x00000000566cc000 	/System/Library/Frameworks/OpenGL.framework/Versions/A/Libraries/libGL.dylib
0x00000000566cc000 	/System/Library/Frameworks/OpenGL.framework/Versions/A/Libraries/libGLImage.dylib
0x00000000566cc000 	/System/Library/Frameworks/OpenGL.framework/Versions/A/Libraries/libCVMSPluginSupport.dylib
0x00000000566cc000 	/System/Library/Frameworks/OpenGL.framework/Versions/A/Libraries/libCoreVMClient.dylib
0x00000000566cc000 	/System/Library/PrivateFrameworks/CrashReporterSupport.framework/Versions/A/CrashReporterSupport
0x00000000566cc000 	/System/Library/PrivateFrameworks/Sharing.framework/Versions/A/Sharing
0x00000000566cc000 	/System/Library/PrivateFrameworks/IconServices.framework/Versions/A/IconServices
0x00000000566cc000 	/System/Library/PrivateFrameworks/ProtocolBuffer.framework/Versions/A/ProtocolBuffer
0x00000000566cc000 	/System/Library/PrivateFrameworks/Apple80211.framework/Versions/A/Apple80211
0x00000000566cc000 	/System/Library/Frameworks/CoreWLAN.framework/Versions/A/CoreWLAN
0x00000000566cc000 	/System/Library/PrivateFrameworks/CoreUtils.framework/Versions/A/CoreUtils
0x00000000566cc000 	/System/Library/Frameworks/IOBluetooth.framework/Versions/A/IOBluetooth
0x00000000566cc000 	/System/Library/PrivateFrameworks/CoreWiFi.framework/Versions/A/CoreWiFi
0x00000000566cc000 	/System/Library/Frameworks/CoreBluetooth.framework/Versions/A/CoreBluetooth
0x00000000566cc000 	/System/Library/Frameworks/CoreDisplay.framework/Versions/A/CoreDisplay
0x00000000566cc000 	/System/Library/PrivateFrameworks/IOPresentment.framework/Versions/A/IOPresentment
0x00000000566cc000 	/System/Library/PrivateFrameworks/DebugSymbols.framework/Versions/A/DebugSymbols
0x00000000566cc000 	/System/Library/PrivateFrameworks/CoreSymbolication.framework/Versions/A/CoreSymbolication
0x00000000566cc000 	/System/Library/PrivateFrameworks/Symbolication.framework/Versions/A/Symbolication
0x00000000566cc000 	/System/Library/PrivateFrameworks/AppleFSCompression.framework/Versions/A/AppleFSCompression
0x00000000566cc000 	/System/Library/PrivateFrameworks/SpeechRecognitionCore.framework/Versions/A/SpeechRecognitionCore
0x00000000566cc000 	/System/Library/PrivateFrameworks/ChunkingLibrary.framework/Versions/A/ChunkingLibrary
0x000000010c200000 	/Library/Java/JavaVirtualMachines/jdk1.8.0_101.jdk/Contents/Home/jre/lib/server/libjvm.dylib
0x000000010b0d5000 	/usr/lib/libstdc++.6.dylib
0x000000010b18e000 	/Library/Java/JavaVirtualMachines/jdk1.8.0_101.jdk/Contents/Home/jre/lib/libverify.dylib
0x000000010b19c000 	/Library/Java/JavaVirtualMachines/jdk1.8.0_101.jdk/Contents/Home/jre/lib/libjava.dylib
0x000000010b1db000 	/Library/Java/JavaVirtualMachines/jdk1.8.0_101.jdk/Contents/Home/jre/lib/libzip.dylib
0x000000011a0a9000 	/System/Library/Frameworks/JavaVM.framework/Frameworks/JavaRuntimeSupport.framework/JavaRuntimeSupport
0x000000011a0c3000 	/System/Library/Frameworks/JavaVM.framework/Versions/A/Frameworks/JavaNativeFoundation.framework/Versions/A/JavaNativeFoundation
0x000000011a0d8000 	/System/Library/Frameworks/JavaVM.framework/Versions/A/JavaVM
0x00000000566cc000 	/System/Library/Frameworks/Carbon.framework/Versions/A/Carbon
0x000000011a0e5000 	/System/Library/PrivateFrameworks/JavaLaunching.framework/Versions/A/JavaLaunching
0x00000000566cc000 	/System/Library/Frameworks/Carbon.framework/Versions/A/Frameworks/CommonPanels.framework/Versions/A/CommonPanels
0x00000000566cc000 	/System/Library/Frameworks/Carbon.framework/Versions/A/Frameworks/Help.framework/Versions/A/Help
0x00000000566cc000 	/System/Library/Frameworks/Carbon.framework/Versions/A/Frameworks/ImageCapture.framework/Versions/A/ImageCapture
0x00000000566cc000 	/System/Library/Frameworks/Carbon.framework/Versions/A/Frameworks/OpenScripting.framework/Versions/A/OpenScripting
0x00000000566cc000 	/System/Library/Frameworks/Carbon.framework/Versions/A/Frameworks/Print.framework/Versions/A/Print
0x00000000566cc000 	/System/Library/Frameworks/Carbon.framework/Versions/A/Frameworks/SecurityHI.framework/Versions/A/SecurityHI
0x000000011ba05000 	/Library/Java/JavaVirtualMachines/jdk1.8.0_101.jdk/Contents/Home/jre/lib/libnet.dylib
0x000000011ba64000 	/Library/Java/JavaVirtualMachines/jdk1.8.0_101.jdk/Contents/Home/jre/lib/libnio.dylib

VM Arguments:
jvm_args: -Xms1024m -Xmx1024m -XX:ReservedCodeCacheSize=128m -XX:MaxMetaspaceSize=256m 
java_command: /usr/local/Cellar/sbt/0.13.12/libexec/sbt-launch.jar run
java_class_path (initial): /usr/local/Cellar/sbt/0.13.12/libexec/sbt-launch.jar
Launcher Type: SUN_STANDARD

Environment Variables:
PATH=/usr/local/bin:/usr/bin:/bin:/usr/sbin:/sbin:/opt/X11/bin:/usr/local/MacGPG2/bin:/Library/TeX/texbin
SHELL=/bin/sh
DISPLAY=/private/tmp/com.apple.launchd.KTPt3T3YlB/org.macosforge.xquartz:0

Signal Handlers:
SIGSEGV: [libjvm.dylib+0x5af145], sa_mask[0]=11111111011111110111111111111111, sa_flags=SA_ONSTACK|SA_RESTART|SA_SIGINFO
SIGBUS: [libjvm.dylib+0x5af145], sa_mask[0]=11111111011111110111111111111111, sa_flags=SA_RESTART|SA_SIGINFO
SIGFPE: [libjvm.dylib+0x48694c], sa_mask[0]=11111111011111110111111111111111, sa_flags=SA_RESTART|SA_SIGINFO
SIGPIPE: [libjvm.dylib+0x48694c], sa_mask[0]=11111111011111110111111111111111, sa_flags=SA_RESTART|SA_SIGINFO
SIGXFSZ: [libjvm.dylib+0x48694c], sa_mask[0]=11111111011111110111111111111111, sa_flags=SA_RESTART|SA_SIGINFO
SIGILL: [libjvm.dylib+0x48694c], sa_mask[0]=11111111011111110111111111111111, sa_flags=SA_RESTART|SA_SIGINFO
SIGUSR1: SIG_DFL, sa_mask[0]=11011111011111100000000111000110, sa_flags=none
SIGUSR2: [libjvm.dylib+0x48646a], sa_mask[0]=00100000000000000000000000000000, sa_flags=SA_RESTART|SA_SIGINFO
SIGHUP: [libjvm.dylib+0x484a41], sa_mask[0]=11111111011111110111111111111111, sa_flags=SA_RESTART|SA_SIGINFO
SIGINT: [libjvm.dylib+0x484a41], sa_mask[0]=11111111011111110111111111111111, sa_flags=SA_RESTART|SA_SIGINFO
SIGTERM: [libjvm.dylib+0x484a41], sa_mask[0]=11111111011111110111111111111111, sa_flags=SA_RESTART|SA_SIGINFO
SIGQUIT: [libjvm.dylib+0x484a41], sa_mask[0]=11111111011111110111111111111111, sa_flags=SA_RESTART|SA_SIGINFO


---------------  S Y S T E M  ---------------

OS:Bsduname:Darwin 16.3.0 Darwin Kernel Version 16.3.0: Thu Nov 17 20:23:58 PST 2016; root:xnu-3789.31.2~1/RELEASE_X86_64 x86_64
rlimit: STACK 8192k, CORE 0k, NPROC 709, NOFILE 10240, AS infinity
load average:1.67 1.78 1.80

CPU:total 8 (4 cores per cpu, 2 threads per core) family 6 model 70 stepping 1, cmov, cx8, fxsr, mmx, sse, sse2, sse3, ssse3, sse4.1, sse4.2, popcnt, avx, avx2, aes, clmul, erms, rtm, lzcnt, ht, tsc, tscinvbit, bmi1, bmi2

Memory: 4k page, physical 16777216k(650960k free)

/proc/meminfo:


vm_info: Java HotSpot(TM) 64-Bit Server VM (25.101-b13) for bsd-amd64 JRE (1.8.0_101-b13), built on Jun 22 2016 02:42:15 by "java_re" with gcc 4.2.1 (Based on Apple Inc. build 5658) (LLVM build 2336.11.00)

time: Fri Jan 20 16:16:06 2017
elapsed time: 69 seconds (0d 0h 1m 9s)

